<?xml version="1.0" encoding="UTF-8"?>
<testng-results ignored="0" total="3" passed="3" failed="0" skipped="0">
  <reporter-output>
  </reporter-output>
  <suite started-at="2022-11-13T14:07:02Z" name="Suite" finished-at="2022-11-13T14:07:02Z" duration-ms="42">
    <groups>
    </groups>
    <test started-at="2022-11-13T14:07:02Z" name="Test" finished-at="2022-11-13T14:07:02Z" duration-ms="42">
      <class name="test.day2">
        <test-method signature="demos1()[pri:0, instance:test.day2@13e344d]" started-at="2022-11-13T14:07:02Z" name="demos1" finished-at="2022-11-13T14:07:02Z" duration-ms="12" status="PASS">
          <reporter-output>
          </reporter-output>
        </test-method> <!-- demos1 -->
      </class> <!-- test.day2 -->
      <class name="test.day1">
        <test-method signature="demo()[pri:0, instance:test.day1@1ffaf86]" started-at="2022-11-13T14:07:02Z" name="demo" finished-at="2022-11-13T14:07:02Z" duration-ms="2" status="PASS">
          <reporter-output>
          </reporter-output>
        </test-method> <!-- demo -->
        <test-method signature="demos()[pri:0, instance:test.day1@1ffaf86]" started-at="2022-11-13T14:07:02Z" name="demos" finished-at="2022-11-13T14:07:02Z" duration-ms="3" status="PASS">
          <reporter-output>
          </reporter-output>
        </test-method> <!-- demos -->
      </class> <!-- test.day1 -->
    </test> <!-- Test -->
  </suite> <!-- Suite -->
</testng-results>
